app/build/intermediates/manifest_merge_blame_file/debug/manifest-merger-blame-debug-report.txt
1<?xml version="1.0" encoding="utf-8"?>
2<manifest xmlns:android="http://schemas.android.com/apk/res/android"
3    package="com.example.microplanredsphereandroid"
4    android:versionCode="1"
5    android:versionName="1.0" >
6
7    <uses-sdk
8        android:minSdkVersion="26"
8-->src\main\AndroidManifest.xml
9        android:targetSdkVersion="34" />
9-->src\main\AndroidManifest.xml
10
11    <uses-feature
11-->src\main\AndroidManifest.xml:5:5-7:35
12        android:name="android.hardware.camera"
12-->src\main\AndroidManifest.xml:6:9-47
13        android:required="true" />
13-->src\main\AndroidManifest.xml:7:9-32
14
15    <uses-permission android:name="android.permission.CAMERA" />
15-->src\main\AndroidManifest.xml:9:5-65
15-->src\main\AndroidManifest.xml:9:22-62
16    <uses-permission android:name="android.permission.SEND_SMS" />
16-->src\main\AndroidManifest.xml:10:5-67
16-->src\main\AndroidManifest.xml:10:22-64
17    <uses-permission android:name="android.permission.INTERNET" />
17-->src\main\AndroidManifest.xml:11:5-13:11
17-->src\main\AndroidManifest.xml:11:22-64
18    <uses-permission android:name="android.permission.WRITE_EXTERNAL_STORAGE" />
18-->src\main\AndroidManifest.xml:14:5-80
18-->src\main\AndroidManifest.xml:14:22-78
19    <uses-permission android:name="android.permission.READ_EXTERNAL_STORAGE" />
19-->src\main\AndroidManifest.xml:15:5-79
19-->src\main\AndroidManifest.xml:15:22-77
20
21    <permission
21-->[androidx.core:core:1.13.0] AndroidManifest.xml:22:5-24:47
22        android:name="com.example.microplanredsphereandroid.DYNAMIC_RECEIVER_NOT_EXPORTED_PERMISSION"
22-->[androidx.core:core:1.13.0] AndroidManifest.xml:23:9-81
23        android:protectionLevel="signature" />
23-->[androidx.core:core:1.13.0] AndroidManifest.xml:24:9-44
24
25    <uses-permission android:name="com.example.microplanredsphereandroid.DYNAMIC_RECEIVER_NOT_EXPORTED_PERMISSION" />
25-->[androidx.core:core:1.13.0] AndroidManifest.xml:26:5-97
25-->[androidx.core:core:1.13.0] AndroidManifest.xml:26:22-94
26
27    <application
27-->src\main\AndroidManifest.xml:17:5-90:19
28        android:allowBackup="true"
28-->src\main\AndroidManifest.xml:18:9-35
29        android:appComponentFactory="androidx.core.app.CoreComponentFactory"
29-->[androidx.core:core:1.13.0] AndroidManifest.xml:28:18-86
30        android:dataExtractionRules="@xml/data_extraction_rules"
30-->src\main\AndroidManifest.xml:19:9-65
31        android:debuggable="true"
32        android:extractNativeLibs="false"
33        android:fullBackupContent="@xml/backup_rules"
33-->src\main\AndroidManifest.xml:20:9-54
34        android:icon="@drawable/logo_new1"
34-->src\main\AndroidManifest.xml:21:9-43
35        android:label="@string/app_name"
35-->src\main\AndroidManifest.xml:22:9-41
36        android:roundIcon="@mipmap/ic_launcher_round"
36-->src\main\AndroidManifest.xml:23:9-54
37        android:supportsRtl="true"
37-->src\main\AndroidManifest.xml:24:9-35
38        android:testOnly="true"
39        android:theme="@style/Theme.MicroPlanRedSphereAndroid"
39-->src\main\AndroidManifest.xml:25:9-63
40        android:usesCleartextTraffic="true" >
40-->src\main\AndroidManifest.xml:26:9-44
41        <activity
41-->src\main\AndroidManifest.xml:28:9-30:40
42            android:name="com.example.microplanredsphereandroid.ImageCaptureActivity"
42-->src\main\AndroidManifest.xml:29:13-49
43            android:exported="false" />
43-->src\main\AndroidManifest.xml:30:13-37
44        <activity
44-->src\main\AndroidManifest.xml:31:9-33:40
45            android:name="com.example.microplanredsphereandroid.Signature"
45-->src\main\AndroidManifest.xml:32:13-38
46            android:exported="false" />
46-->src\main\AndroidManifest.xml:33:13-37
47        <activity
47-->src\main\AndroidManifest.xml:34:9-36:40
48            android:name="com.example.microplanredsphereandroid.TestActivity"
48-->src\main\AndroidManifest.xml:35:13-41
49            android:exported="false" />
49-->src\main\AndroidManifest.xml:36:13-37
50        <activity
50-->src\main\AndroidManifest.xml:37:9-39:40
51            android:name="com.example.microplanredsphereandroid.HomeActivity"
51-->src\main\AndroidManifest.xml:38:13-41
52            android:exported="false" />
52-->src\main\AndroidManifest.xml:39:13-37
53        <activity
53-->src\main\AndroidManifest.xml:40:9-43:55
54            android:name="com.example.microplanredsphereandroid.NewApplicationActivity"
54-->src\main\AndroidManifest.xml:41:13-51
55            android:exported="false"
55-->src\main\AndroidManifest.xml:42:13-37
56            android:windowSoftInputMode="adjustPan" />
56-->src\main\AndroidManifest.xml:43:13-52
57        <activity
57-->src\main\AndroidManifest.xml:44:9-54:20
58            android:name="com.example.microplanredsphereandroid.LoginActivity"
58-->src\main\AndroidManifest.xml:45:13-42
59            android:exported="true" >
59-->src\main\AndroidManifest.xml:46:13-36
60
61            <!-- <intent-filter> -->
62            <!-- <action android:name="android.intent.action.MAIN" /> -->
63
64
65            <!-- <category android:name="android.intent.category.LAUNCHER" /> -->
66            <!-- </intent-filter> -->
67        </activity>
68        <activity
68-->src\main\AndroidManifest.xml:55:9-63:20
69            android:name="com.example.microplanredsphereandroid.splash_screen"
69-->src\main\AndroidManifest.xml:56:13-42
70            android:exported="true" >
70-->src\main\AndroidManifest.xml:57:13-36
71            <intent-filter>
71-->src\main\AndroidManifest.xml:58:13-62:29
72                <action android:name="android.intent.action.MAIN" />
72-->src\main\AndroidManifest.xml:59:17-69
72-->src\main\AndroidManifest.xml:59:25-66
73
74                <category android:name="android.intent.category.LAUNCHER" />
74-->src\main\AndroidManifest.xml:61:17-77
74-->src\main\AndroidManifest.xml:61:27-74
75            </intent-filter>
76        </activity>
77        <activity
77-->src\main\AndroidManifest.xml:64:9-74:20
78            android:name="com.example.microplanredsphereandroid.MainActivity"
78-->src\main\AndroidManifest.xml:65:13-41
79            android:exported="true" >
79-->src\main\AndroidManifest.xml:66:13-36
80
81            <!-- <intent-filter> -->
82            <!-- <action android:name="android.intent.action.MAIN" /> -->
83
84
85            <!-- <category android:name="android.intent.category.LAUNCHER" /> -->
86            <!-- </intent-filter> -->
87        </activity>
88        <activity
88-->src\main\AndroidManifest.xml:76:9-80:43
89            android:name="com.yalantis.ucrop.UCropActivity"
89-->src\main\AndroidManifest.xml:77:13-60
90            android:screenOrientation="portrait"
90-->src\main\AndroidManifest.xml:78:13-49
91            android:theme="@style/Theme.AppCompat.Light.NoActionBar" />
91-->src\main\AndroidManifest.xml:79:13-69
92
93        <provider
93-->src\main\AndroidManifest.xml:81:9-89:20
94            android:name="androidx.core.content.FileProvider"
94-->src\main\AndroidManifest.xml:82:13-62
95            android:authorities="com.example.android.fileprovider"
95-->src\main\AndroidManifest.xml:83:13-67
96            android:exported="false"
96-->src\main\AndroidManifest.xml:84:13-37
97            android:grantUriPermissions="true" >
97-->src\main\AndroidManifest.xml:85:13-47
98            <meta-data
98-->src\main\AndroidManifest.xml:86:13-88:64
99                android:name="android.support.FILE_PROVIDER_PATHS"
99-->src\main\AndroidManifest.xml:87:17-67
100                android:resource="@xml/file_paths" />
100-->src\main\AndroidManifest.xml:88:17-51
101        </provider>
102        <provider
102-->[androidx.emoji2:emoji2:1.3.0] AndroidManifest.xml:24:9-32:20
103            android:name="androidx.startup.InitializationProvider"
103-->[androidx.emoji2:emoji2:1.3.0] AndroidManifest.xml:25:13-67
104            android:authorities="com.example.microplanredsphereandroid.androidx-startup"
104-->[androidx.emoji2:emoji2:1.3.0] AndroidManifest.xml:26:13-68
105            android:exported="false" >
105-->[androidx.emoji2:emoji2:1.3.0] AndroidManifest.xml:27:13-37
106            <meta-data
106-->[androidx.emoji2:emoji2:1.3.0] AndroidManifest.xml:29:13-31:52
107                android:name="androidx.emoji2.text.EmojiCompatInitializer"
107-->[androidx.emoji2:emoji2:1.3.0] AndroidManifest.xml:30:17-75
108                android:value="androidx.startup" />
108-->[androidx.emoji2:emoji2:1.3.0] AndroidManifest.xml:31:17-49
109            <meta-data
109-->[androidx.lifecycle:lifecycle-process:2.6.2] AndroidManifest.xml:29:13-31:52
110                android:name="androidx.lifecycle.ProcessLifecycleInitializer"
110-->[androidx.lifecycle:lifecycle-process:2.6.2] AndroidManifest.xml:30:17-78
111                android:value="androidx.startup" />
111-->[androidx.lifecycle:lifecycle-process:2.6.2] AndroidManifest.xml:31:17-49
112            <meta-data
112-->[androidx.profileinstaller:profileinstaller:1.4.0] AndroidManifest.xml:29:13-31:52
113                android:name="androidx.profileinstaller.ProfileInstallerInitializer"
113-->[androidx.profileinstaller:profileinstaller:1.4.0] AndroidManifest.xml:30:17-85
114                android:value="androidx.startup" />
114-->[androidx.profileinstaller:profileinstaller:1.4.0] AndroidManifest.xml:31:17-49
115        </provider>
116
117        <uses-library
117-->[androidx.window:window:1.0.0] AndroidManifest.xml:25:9-27:40
118            android:name="androidx.window.extensions"
118-->[androidx.window:window:1.0.0] AndroidManifest.xml:26:13-54
119            android:required="false" />
119-->[androidx.window:window:1.0.0] AndroidManifest.xml:27:13-37
120        <uses-library
120-->[androidx.window:window:1.0.0] AndroidManifest.xml:28:9-30:40
121            android:name="androidx.window.sidecar"
121-->[androidx.window:window:1.0.0] AndroidManifest.xml:29:13-51
122            android:required="false" />
122-->[androidx.window:window:1.0.0] AndroidManifest.xml:30:13-37
123
124        <receiver
124-->[androidx.profileinstaller:profileinstaller:1.4.0] AndroidManifest.xml:34:9-52:20
125            android:name="androidx.profileinstaller.ProfileInstallReceiver"
125-->[androidx.profileinstaller:profileinstaller:1.4.0] AndroidManifest.xml:35:13-76
126            android:directBootAware="false"
126-->[androidx.profileinstaller:profileinstaller:1.4.0] AndroidManifest.xml:36:13-44
127            android:enabled="true"
127-->[androidx.profileinstaller:profileinstaller:1.4.0] AndroidManifest.xml:37:13-35
128            android:exported="true"
128-->[androidx.profileinstaller:profileinstaller:1.4.0] AndroidManifest.xml:38:13-36
129            android:permission="android.permission.DUMP" >
129-->[androidx.profileinstaller:profileinstaller:1.4.0] AndroidManifest.xml:39:13-57
130            <intent-filter>
130-->[androidx.profileinstaller:profileinstaller:1.4.0] AndroidManifest.xml:40:13-42:29
131                <action android:name="androidx.profileinstaller.action.INSTALL_PROFILE" />
131-->[androidx.profileinstaller:profileinstaller:1.4.0] AndroidManifest.xml:41:17-91
131-->[androidx.profileinstaller:profileinstaller:1.4.0] AndroidManifest.xml:41:25-88
132            </intent-filter>
133            <intent-filter>
133-->[androidx.profileinstaller:profileinstaller:1.4.0] AndroidManifest.xml:43:13-45:29
134                <action android:name="androidx.profileinstaller.action.SKIP_FILE" />
134-->[androidx.profileinstaller:profileinstaller:1.4.0] AndroidManifest.xml:44:17-85
134-->[androidx.profileinstaller:profileinstaller:1.4.0] AndroidManifest.xml:44:25-82
135            </intent-filter>
136            <intent-filter>
136-->[androidx.profileinstaller:profileinstaller:1.4.0] AndroidManifest.xml:46:13-48:29
137                <action android:name="androidx.profileinstaller.action.SAVE_PROFILE" />
137-->[androidx.profileinstaller:profileinstaller:1.4.0] AndroidManifest.xml:47:17-88
137-->[androidx.profileinstaller:profileinstaller:1.4.0] AndroidManifest.xml:47:25-85
138            </intent-filter>
139            <intent-filter>
139-->[androidx.profileinstaller:profileinstaller:1.4.0] AndroidManifest.xml:49:13-51:29
140                <action android:name="androidx.profileinstaller.action.BENCHMARK_OPERATION" />
140-->[androidx.profileinstaller:profileinstaller:1.4.0] AndroidManifest.xml:50:17-95
140-->[androidx.profileinstaller:profileinstaller:1.4.0] AndroidManifest.xml:50:25-92
141            </intent-filter>
142        </receiver>
143    </application>
144
145</manifest>